<?xml version="1.0" encoding="UTF-8"?>
<beans xmlns:xsi="http://www.w3.org/2001/XMLSchema-instance"
	xmlns:oxm="http://www.springframework.org/schema/oxm" xmlns:jdbc="http://www.springframework.org/schema/jdbc"
	xmlns:lang="http://www.springframework.org/schema/lang" xmlns:p="http://www.springframework.org/schema/p"
	xmlns:tx="http://www.springframework.org/schema/tx" xmlns:util="http://www.springframework.org/schema/util"
	xmlns="http://www.springframework.org/schema/beans"
	xsi:schemaLocation="http://www.springframework.org/schema/beans http://www.springframework.org/schema/beans/spring-beans-3.0.xsd
        http://www.springframework.org/schema/jdbc http://www.springframework.org/schema/jdbc/spring-jdbc-3.0.xsd
        http://www.springframework.org/schema/lang http://www.springframework.org/schema/lang/spring-lang-3.0.xsd
        http://www.springframework.org/schema/tx http://www.springframework.org/schema/tx/spring-tx-3.0.xsd
        http://www.springframework.org/schema/util http://www.springframework.org/schema/util/spring-util-3.0.xsd">

	<bean id="testPropertyConfigurer"
		class="org.springframework.beans.factory.config.PropertyPlaceholderConfigurer">
		<property name="locations">
			<list>
                <!-- Load the dev properties, during testing. -->
                <value>classpath*:*.properties</value>
                <!--  <value>classpath*:/test/resources/dev.properties</value>  -->
            </list>
        </property>
    </bean>

	<bean id="log4jInitializer"
		class="org.springframework.beans.factory.config.MethodInvokingFactoryBean">

		<property name="targetClass" value="org.springframework.util.Log4jConfigurer" />

		<property name="targetMethod" value="initLogging" />

		<property name="arguments">
			<list>
				<value>classpath:log4j.xml</value>
			</list>
		</property>
	</bean>

	<bean id="basicAWSCredentials" class="com.amazonaws.auth.BasicAWSCredentials">
		<constructor-arg value="${test.accessKey}" />
		<constructor-arg value="${test.secretKey}" />
	</bean>

	<bean id="accessKey" class="java.lang.String">
		<constructor-arg value="${test.accessKey}"/>
	</bean>
	<bean id="secretKey" class="java.lang.String">
		<constructor-arg value="${test.secretKey}"/>
	</bean>
	
	<bean id="customDNS53Client" class="com.msi.dns53.client.DNS53Client">
		<constructor-arg value="http://${deploy.ip}:8080/DNS53Server/2012-02-29/hostedzone" />
		<constructor-arg value="http://${deploy.ip}:8080/DNS53Server/2012-02-29/change" />
		<constructor-arg value="${test.accessKey}" />
		<constructor-arg value="${test.secretKey}" />
	</bean>
	
	<!-- https://${deploy.ip}:8443/DNS53Server is redirecting ${deploy.ip} host into the target host; /etc/hosts must be set with this value -->
	<bean class="com.amazonaws.services.route53.AmazonRoute53Client">
		<constructor-arg ref="basicAWSCredentials" />
		<property name="endpoint" value="https://${deploy.ip}:8443/DNS53Server" />
	</bean>

	<bean id="defaultAvailabilityZone" class="java.lang.String">
		<constructor-arg>
			<value>${default.availability.zone}</value>
		</constructor-arg>
	</bean>
	
	<!-- ============================== -->
    <bean id="testDS" class="org.apache.commons.dbcp.BasicDataSource">
        <property name="driverClassName" value="com.mysql.jdbc.Driver" />
        <property name="url" value="${flyway.url}" />
        <property name="username" value="${flyway.user}" />
        <property name="password" value="${flyway.password}" />
        <property name="defaultAutoCommit" value="false"></property>
        <property name="initialSize" value="1"></property>
        <property name="maxActive" value="20"></property>
        <property name="testWhileIdle" value="true"></property>
        <property name="testOnBorrow" value="true"></property>
        <property name="testOnReturn" value="false"></property>
        <property name="validationQuery" value="SELECT 1"></property>
        <property name="timeBetweenEvictionRunsMillis" value="5000"></property>
        <property name="minIdle" value="1"></property>
        <property name="maxWait" value="10000"></property>
        <property name="removeAbandonedTimeout" value="60"></property>
        <property name="removeAbandoned" value="true"></property>
        <property name="LogAbandoned" value="true"></property>
    </bean>
	
	
    <bean id="sessionFactory"
        class="org.springframework.orm.hibernate3.LocalSessionFactoryBean">
        <property name="dataSource" ref="testDS" />
        <property name="configLocations">
            <list>
                <value>classpath:hibernate.cfg.xml</value>
                <value>classpath:dns53-hibernate.cfg.xml</value>
            </list>
        </property>
        <property name="configurationClass" value="org.hibernate.cfg.AnnotationConfiguration"></property>
        <property name="hibernateProperties">
            <value>hibernate.dialect=org.hibernate.dialect.MySQL5InnoDBDialect
                hibernate.current_session_context_class=thread
                hibernate.cache.provider_class=org.hibernate.cache.NoCacheProvider
                hibernate.show_sql=false
                hibernate.hbm2ddl.auto=update
            </value>
        </property>
    </bean>
    <bean id="hibernateUtil"
        class="com.msi.tough.core.HibernateUtil">
        <property name="sessionFactory" ref="sessionFactory" />
    </bean>
</beans>